{"logTime": "0506/154803", "correlationVector":"PIMXJYgyoM4ARLsJ5GzT8V.1","action":"SyncServerConnectionManagerRequest", "result":"SYNC_SERVER_OK", "context":{"environment":"Prod_southindia_prod-s01-004-apac-southindia", "migrationStage":"NotStarted", "server":"akswtt104000006"}}
{"logTime": "0506/154803", "correlationVector":"PIMXJYgyoM4ARLsJ5GzT8V.2","action":"ProcessGetUpdates", "result":"Done", "context":{"dataType":"Encryption Keys", "deleted":"0", "process_failed_to_decrypt":"0", "process_pending_decryption":"0", "process_success":"1", "total":"1"}}
{"logTime": "0506/154804", "correlationVector":"3TsfGSNG4v/BMw/pXwk5vC","action":"SyncServerConnectionManagerRequest", "result":"SYNC_SERVER_OK", "context":{"environment":"", "migrationStage":"", "server":""}}
{"logTime": "0506/154804", "correlationVector":"3TsfGSNG4v/BMw/pXwk5vC.0","action":"EncryptionKeysFetcher.DownloadKeys:", "result":"Success", "context":Key count: 5, Last key timestamp: 2026-02-19T18:23:24Z}
{"logTime": "0506/154804", "correlationVector":"3TsfGSNG4v/BMw/pXwk5vC.1","action":"EncryptionKeysManager::SetEncryptionKeys:", "result":"Success", "context":Key names[5]:[dXZLEL3BxfCoIQvpj1X4pwXrR6C0lGsnM16Z3vzUA/w9wnu/GB7YwRNKRxqJzql6fghzxGhjB5pryegiBxXmng==][UZ9umsL0eUHjes1LNi5sErLvJwCwx/fiYBHDz3RbV/e4zeXF3XrNVCpezs/NRg3HLDQZIqnKFiFRi06czyzuSw==][Y5IJBw5SP549ApggllpeLDCFln7tZ3ElvX5tm+84nJDUews+BGhn2i0+pp3BsQ1WDQ1dwco9A6MMv/jjYD3bNg==][s/H9shXmn8/mLWVYosbQ5T3wpcC92E4NxUgNeqNlk8GelUqk4XMPEIafGcv+Y8YEy9KilYbN1DTHO+SLRhaf/w==][OeJtCk5raAsRMzI9o+tLYouICpEZ1zhLWK1XbpAg0BuAhRCcf5kYkmXAGqLrjblNxoI9Dn+goYw6rBTdL3dZGw==]}
{"logTime": "0506/154804", "correlationVector":"3TsfGSNG4v/BMw/pXwk5vC.2","action":"EncryptionKeysManager::SetEncryptionKeysWithTimestamps:", "result":"Success", "context":Key timestamps[5]:[2024-05-14T19:03:41Z][2024-11-11T05:49:16Z][2025-05-12T07:16:47Z][2025-11-09T09:10:04Z][2026-02-19T18:23:24Z]}
{"logTime": "0506/154804", "correlationVector":"PIMXJYgyoM4ARLsJ5GzT8V","action":"Initial GetUpdates", "result":"", "context":Reason: NEW_CLIENT. cV=PIMXJYgyoM4ARLsJ5GzT8V}
{"logTime": "0506/154804", "correlationVector":"PIMXJYgyoM4ARLsJ5GzT8V.3","action":"GetUpdates Response", "result":"Success", "context":Received 1 update(s). cV=PIMXJYgyoM4ARLsJ5GzT8V.0;server=akswtt104000006;cloudType=Consumer;environment=Prod_southindia_prod-s01-004-apac-southindia;migrationStage=NotStarted}
{"logTime": "0506/154804", "correlationVector":"VBX5/7L/Jv1N+r5wm8fUTa","action":"Initial GetUpdates", "result":"", "context":Reason: NEWLY_SUPPORTED_DATATYPE. cV=VBX5/7L/Jv1N+r5wm8fUTa}
{"logTime": "0506/154804", "correlationVector":"VBX5/7L/Jv1N+r5wm8fUTa.1","action":"SyncServerConnectionManagerRequest", "result":"SYNC_SERVER_OK", "context":{"environment":"Prod_southindia_prod-s01-004-apac-southindia", "migrationStage":"NotStarted", "server":"akswtt10400001p"}}
{"logTime": "0506/154804", "correlationVector":"VBX5/7L/Jv1N+r5wm8fUTa.2","action":"ProcessGetUpdates", "result":"Done", "context":{"dataType":"Preferences", "deleted":"0", "process_failed_to_decrypt":"0", "process_pending_decryption":"0", "process_success":"88", "total":"88"}}
{"logTime": "0506/154804", "correlationVector":"VBX5/7L/Jv1N+r5wm8fUTa.3","action":"ProcessGetUpdates", "result":"Done", "context":{"dataType":"Passwords", "deleted":"1", "process_failed_to_decrypt":"0", "process_pending_decryption":"0", "process_success":"60", "total":"60"}}
{"logTime": "0506/154804", "correlationVector":"VBX5/7L/Jv1N+r5wm8fUTa.4","action":"ProcessGetUpdates", "result":"Done", "context":{"dataType":"Device Info", "deleted":"0", "process_failed_to_decrypt":"0", "process_pending_decryption":"0", "process_success":"8", "total":"8"}}
{"logTime": "0506/154804", "correlationVector":"VBX5/7L/Jv1N+r5wm8fUTa.5","action":"GetUpdates Response", "result":"Success", "context":Received 156 update(s). cV=VBX5/7L/Jv1N+r5wm8fUTa.0;server=akswtt10400001p;cloudType=Consumer;environment=Prod_southindia_prod-s01-004-apac-southindia;migrationStage=NotStarted}
{"logTime": "0506/154804", "correlationVector":"FTaAp3L1XYDlx4XyUOaLQp","action":"Initial GetUpdates", "result":"", "context":Reason: NEWLY_SUPPORTED_DATATYPE. cV=FTaAp3L1XYDlx4XyUOaLQp}
{"logTime": "0506/154805", "correlationVector":"FTaAp3L1XYDlx4XyUOaLQp.1","action":"SyncServerConnectionManagerRequest", "result":"SYNC_SERVER_OK", "context":{"environment":"Prod_southindia_prod-s01-004-apac-southindia", "migrationStage":"NotStarted", "server":"akswtt104000019"}}
{"logTime": "0506/154805", "correlationVector":"FTaAp3L1XYDlx4XyUOaLQp.2","action":"ProcessGetUpdates", "result":"Done", "context":{"dataType":"Bookmarks", "deleted":"0", "process_failed_to_decrypt":"0", "process_pending_decryption":"0", "process_success":"17", "total":"17"}}
{"logTime": "0506/154805", "correlationVector":"FTaAp3L1XYDlx4XyUOaLQp.3","action":"GetUpdates Response", "result":"Success", "context":Received 17 update(s). cV=FTaAp3L1XYDlx4XyUOaLQp.0;server=akswtt104000019;cloudType=Consumer;environment=Prod_southindia_prod-s01-004-apac-southindia;migrationStage=NotStarted}
{"logTime": "0506/154805", "correlationVector":"rnMUTTdk4A+wBjGu2EdiMX","action":"Initial GetUpdates", "result":"", "context":Reason: NEWLY_SUPPORTED_DATATYPE. cV=rnMUTTdk4A+wBjGu2EdiMX}
{"logTime": "0506/154805", "correlationVector":"rnMUTTdk4A+wBjGu2EdiMX.1","action":"SyncServerConnectionManagerRequest", "result":"SYNC_SERVER_OK", "context":{"environment":"Prod_southindia_prod-s01-004-apac-southindia", "migrationStage":"NotStarted", "server":"akswtt10400001p"}}
{"logTime": "0506/154805", "correlationVector":"rnMUTTdk4A+wBjGu2EdiMX.2","action":"ProcessGetUpdates", "result":"Done", "context":{"dataType":"Autofill Profiles", "deleted":"3", "process_failed_to_decrypt":"0", "process_pending_decryption":"0", "process_success":"4", "total":"4"}}
{"logTime": "0506/154805", "correlationVector":"rnMUTTdk4A+wBjGu2EdiMX.3","action":"ProcessGetUpdates", "result":"Done", "context":{"dataType":"Autofill", "deleted":"0", "process_failed_to_decrypt":"0", "process_pending_decryption":"0", "process_success":"197", "total":"197"}}
{"logTime": "0506/154805", "correlationVector":"rnMUTTdk4A+wBjGu2EdiMX.4","action":"ProcessGetUpdates", "result":"Done", "context":{"dataType":"Extensions", "deleted":"0", "process_failed_to_decrypt":"0", "process_pending_decryption":"0", "process_success":"3", "total":"3"}}
{"logTime": "0506/154805", "correlationVector":"rnMUTTdk4A+wBjGu2EdiMX.5","action":"ProcessGetUpdates", "result":"Done", "context":{"dataType":"Sessions", "deleted":"6", "process_failed_to_decrypt":"0", "process_pending_decryption":"0", "process_success":"19", "total":"19"}}
{"logTime": "0506/154805", "correlationVector":"rnMUTTdk4A+wBjGu2EdiMX.6","action":"ProcessGetUpdates", "result":"Done", "context":{"dataType":"Extension settings", "deleted":"0", "process_failed_to_decrypt":"0", "process_pending_decryption":"0", "process_success":"2", "total":"2"}}
{"logTime": "0506/154805", "correlationVector":"rnMUTTdk4A+wBjGu2EdiMX.7","action":"ProcessGetUpdates", "result":"Done", "context":{"dataType":"Saved Tab Group", "deleted":"4", "process_failed_to_decrypt":"0", "process_pending_decryption":"0", "process_success":"4", "total":"4"}}
{"logTime": "0506/154805", "correlationVector":"rnMUTTdk4A+wBjGu2EdiMX.8","action":"GetUpdates Response", "result":"Success", "context":Received 229 update(s). cV=rnMUTTdk4A+wBjGu2EdiMX.0;server=akswtt10400001p;cloudType=Consumer;environment=Prod_southindia_prod-s01-004-apac-southindia;migrationStage=NotStarted}
{"logTime": "0506/154805", "correlationVector":"AXa1bIz0JUFn1Wa1M84Spq","action":"Initial GetUpdates", "result":"", "context":Reason: NEWLY_SUPPORTED_DATATYPE. cV=AXa1bIz0JUFn1Wa1M84Spq}
{"logTime": "0506/154806", "correlationVector":"AXa1bIz0JUFn1Wa1M84Spq.1","action":"SyncServerConnectionManagerRequest", "result":"SYNC_SERVER_OK", "context":{"environment":"Prod_southindia_prod-s01-004-apac-southindia", "migrationStage":"NotStarted", "server":"akswtt104000019"}}
{"logTime": "0506/154806", "correlationVector":"AXa1bIz0JUFn1Wa1M84Spq.2","action":"ProcessGetUpdates", "result":"Done", "context":{"dataType":"History", "deleted":"0", "process_failed_to_decrypt":"0", "process_pending_decryption":"0", "process_success":"75", "total":"75"}}
{"logTime": "0506/154806", "correlationVector":"AXa1bIz0JUFn1Wa1M84Spq.3","action":"GetUpdates Response", "result":"Success", "context":Received 75 update(s). cV=AXa1bIz0JUFn1Wa1M84Spq.0;server=akswtt104000019;cloudType=Consumer;environment=Prod_southindia_prod-s01-004-apac-southindia;migrationStage=NotStarted}
{"logTime": "0506/154806", "correlationVector":"5wgDGed17BcPgsMJgi9E0k","action":"Normal GetUpdate request", "result":"", "context":cV=5wgDGed17BcPgsMJgi9E0k
Nudged types: Sessions, Device Info, User Consents
Refresh requested types: Bookmarks, Preferences, Passwords, Autofill Profiles, Autofill, Extensions, Sessions, Extension settings, History Delete Directives, Device Info, User Consents, Send Tab To Self, Web Apps, History, Saved Tab Group, WebAuthn Credentials, Collection, Edge E Drop, Edge Hub App Usage, Edge Wallet, Edge Workspace, Encryption Keys}
{"logTime": "0506/154807", "correlationVector":"5wgDGed17BcPgsMJgi9E0k.1","action":"SyncServerConnectionManagerRequest", "result":"SYNC_SERVER_OK", "context":{"environment":"Prod_southindia_prod-s01-004-apac-southindia", "migrationStage":"NotStarted", "server":"akswtt10400001p"}}
{"logTime": "0506/154807", "correlationVector":"5wgDGed17BcPgsMJgi9E0k.2","action":"GetUpdates Response", "result":"Success", "context":Received 0 update(s). cV=5wgDGed17BcPgsMJgi9E0k.0;server=akswtt10400001p;cloudType=Consumer;environment=Prod_southindia_prod-s01-004-apac-southindia;migrationStage=NotStarted}
{"logTime": "0506/154807", "correlationVector":"/mPLQw+Lds7m9P7dfdGLNO","action":"DoCompareDataConsistency requsted types: ", "result":"Bookmarks, Preferences, Passwords, Extensions, Extension settings, History Delete Directives, Send Tab To Self, Web Apps, History, Saved Tab Group, WebAuthn Credentials, Collection, Edge E Drop, Edge Wallet, Edge Workspace, Encryption Keys"}
{"logTime": "0506/154807", "correlationVector":"/mPLQw+Lds7m9P7dfdGLNO.0","action":"CompareDataConsistency result: ", "result":"Compare result: Encryption Keys is consistent. local entities count is: 1 local entities hash is: vDbPMgx3vbXrvZk4pS+tmUkS4M0="}
{"logTime": "0506/154807", "correlationVector":"/mPLQw+Lds7m9P7dfdGLNO.1","action":"CompareDataConsistency result: ", "result":"Compare result: Bookmarks is consistent. local entities count is: 11 local entities hash is: m6TjgxG3GvVEr1QXYA2BN+4AD9k="}
{"logTime": "0506/154807", "correlationVector":"/mPLQw+Lds7m9P7dfdGLNO.2","action":"CompareDataConsistency result: ", "result":"Compare result: Preferences is consistent. local entities count is: 88 local entities hash is: DvT2LeO/mJ13CkeSAGdwiUdZrjc="}
{"logTime": "0506/154807", "correlationVector":"/mPLQw+Lds7m9P7dfdGLNO.3","action":"CompareDataConsistency result: ", "result":"Compare result: Extensions is consistent. local entities count is: 3 local entities hash is: NHauQn3hPY6x/dFOZZVry3rBYMs="}
{"logTime": "0506/154807", "correlationVector":"/mPLQw+Lds7m9P7dfdGLNO.4","action":"CompareDataConsistency result: ", "result":"Compare result: Extension settings is consistent. local entities count is: 2 local entities hash is: qylclNJzdS4MXSqBg/IPpGIldv0="}
{"logTime": "0506/154807", "correlationVector":"/mPLQw+Lds7m9P7dfdGLNO.5","action":"CompareDataConsistency result: ", "result":"Compare result: History Delete Directives is consistent. local entities count is: 0 local entities hash is: "}
{"logTime": "0506/154807", "correlationVector":"/mPLQw+Lds7m9P7dfdGLNO.6","action":"CompareDataConsistency result: ", "result":"Server did not send this Send Tab To Self local entities count is: 0 local entities hash is: "}
{"logTime": "0506/154807", "correlationVector":"/mPLQw+Lds7m9P7dfdGLNO.7","action":"CompareDataConsistency result: ", "result":"Compare result: Web Apps is consistent. local entities count is: 0 local entities hash is: "}
{"logTime": "0506/154807", "correlationVector":"/mPLQw+Lds7m9P7dfdGLNO.8","action":"CompareDataConsistency result: ", "result":"Server did not send this History local entities count is: 0 local entities hash is: "}
{"logTime": "0506/154807", "correlationVector":"/mPLQw+Lds7m9P7dfdGLNO.9","action":"CompareDataConsistency result: ", "result":"Compare result: Saved Tab Group is consistent. local entities count is: 0 local entities hash is: "}
{"logTime": "0506/154807", "correlationVector":"/mPLQw+Lds7m9P7dfdGLNO.10","action":"CompareDataConsistency result: ", "result":"Server did not send this WebAuthn Credentials local entities count is: 0 local entities hash is: "}
{"logTime": "0506/154807", "correlationVector":"/mPLQw+Lds7m9P7dfdGLNO.11","action":"CompareDataConsistency result: ", "result":"Compare result: Collection is consistent. local entities count is: 0 local entities hash is: "}
{"logTime": "0506/154807", "correlationVector":"/mPLQw+Lds7m9P7dfdGLNO.12","action":"CompareDataConsistency result: ", "result":"Compare result: Edge E Drop is consistent. local entities count is: 0 local entities hash is: "}
{"logTime": "0506/154807", "correlationVector":"/mPLQw+Lds7m9P7dfdGLNO.13","action":"CompareDataConsistency result: ", "result":"Compare result: Edge Wallet is consistent. local entities count is: 0 local entities hash is: "}
{"logTime": "0506/154807", "correlationVector":"/mPLQw+Lds7m9P7dfdGLNO.14","action":"CompareDataConsistency result: ", "result":"Server did not send this Edge Workspace local entities count is: 0 local entities hash is: "}
{"logTime": "0506/154807", "correlationVector":"/mPLQw+Lds7m9P7dfdGLNO.15","action":"CompareDataConsistency result: ", "result":"Compare result: Passwords is consistent. local entities count is: 59 local entities hash is: TvP4oIPa3LqJ989eMcFfCf4Q6+E="}
{"logTime": "0506/154807", "correlationVector":"QA87bvBpgxehRLqW8LX4bn","action":"Commit Request", "result":"", "context":Item count: 4
Contributing types: Sessions, Device Info, User Consents}
{"logTime": "0506/154808", "correlationVector":"QA87bvBpgxehRLqW8LX4bn.1","action":"SyncServerConnectionManagerRequest", "result":"SYNC_SERVER_OK", "context":{"environment":"Prod_southindia_prod-s01-004-apac-southindia", "migrationStage":"NotStarted", "server":"akswtt104000019"}}
{"logTime": "0506/154808", "correlationVector":"QA87bvBpgxehRLqW8LX4bn.2","action":"Commit Response", "result":"Success", "context":Result: Success. cV=QA87bvBpgxehRLqW8LX4bn.0;server=akswtt104000019;cloudType=Consumer;environment=Prod_southindia_prod-s01-004-apac-southindia;migrationStage=NotStarted}
{"logTime": "0506/154808", "correlationVector":"","action":"DIAGNOSTIC_REQUEST|v1/diagnosticData/Diagnostic.SendCheckResult()|SUCCESS", "result":""}
{"logTime": "0506/154859", "correlationVector":"hTqZpyqpBzbshzTOmS/xHd","action":"Commit Request", "result":"", "context":Item count: 36
Contributing types: Passwords, Sessions, History}
{"logTime": "0506/154905", "correlationVector":"hTqZpyqpBzbshzTOmS/xHd.1","action":"SyncServerConnectionManagerRequest", "result":"SYNC_SERVER_OK", "context":{"environment":"Prod_southindia_prod-s01-004-apac-southindia", "migrationStage":"NotStarted", "server":"akswtt104000019"}}
{"logTime": "0506/154905", "correlationVector":"hTqZpyqpBzbshzTOmS/xHd.2","action":"Commit Response", "result":"Success", "context":Result: Success. cV=hTqZpyqpBzbshzTOmS/xHd.0;server=akswtt104000019;cloudType=Consumer;environment=Prod_southindia_prod-s01-004-apac-southindia;migrationStage=NotStarted}
{"logTime": "0506/155008", "correlationVector":"gkkxcODMZY0iLNvqxix1dI","action":"Commit Request", "result":"", "context":Item count: 6
Contributing types: Sessions, History}
{"logTime": "0506/155009", "correlationVector":"gkkxcODMZY0iLNvqxix1dI.1","action":"SyncServerConnectionManagerRequest", "result":"SYNC_SERVER_OK", "context":{"environment":"Prod_southindia_prod-s01-004-apac-southindia", "migrationStage":"NotStarted", "server":"akswtt104000019"}}
{"logTime": "0506/155009", "correlationVector":"gkkxcODMZY0iLNvqxix1dI.2","action":"Commit Response", "result":"Success", "context":Result: Success. cV=gkkxcODMZY0iLNvqxix1dI.0;server=akswtt104000019;cloudType=Consumer;environment=Prod_southindia_prod-s01-004-apac-southindia;migrationStage=NotStarted}
{"logTime": "0506/155510", "correlationVector":"NJD4pnptIW3BZE+Kb3Yl8V","action":"Commit Request", "result":"", "context":Item count: 1
Contributing types: Sessions}
{"logTime": "0506/155511", "correlationVector":"NJD4pnptIW3BZE+Kb3Yl8V.1","action":"SyncServerConnectionManagerRequest", "result":"SYNC_SERVER_OK", "context":{"environment":"Prod_southindia_prod-s01-004-apac-southindia", "migrationStage":"NotStarted", "server":"akswtt10400000m"}}
{"logTime": "0506/155511", "correlationVector":"NJD4pnptIW3BZE+Kb3Yl8V.2","action":"Commit Response", "result":"Success", "context":Result: Success. cV=NJD4pnptIW3BZE+Kb3Yl8V.0;server=akswtt10400000m;cloudType=Consumer;environment=Prod_southindia_prod-s01-004-apac-southindia;migrationStage=NotStarted}
